2024-09-10T10:10:21: Starting scraping session at Tue Sep 10 10:10:21 2024...
2024-09-10T10:10:22: The number of links: 0
2024-09-10T10:10:25: The number of links: 123
2024-09-10T10:10:33: Starting scraping session at Tue Sep 10 10:10:33 2024...
2024-09-10T10:10:34: The number of links: 0
2024-09-10T10:10:36: The number of links: 123
2024-09-10T10:10:44: Writing articles to data.json...
2024-09-10T10:10:51: Writing articles to data.json...
2024-09-10T10:10:58: Writing articles to data.json...
2024-09-10T10:11:06: Writing articles to data.json...
2024-09-10T10:11:13: Writing articles to data.json...
2024-09-10T10:11:20: Writing articles to data.json...
2024-09-10T10:11:27: Writing articles to data.json...
2024-09-10T10:11:35: Writing articles to data.json...
2024-09-10T10:11:42: Writing articles to data.json...
2024-09-10T10:11:49: Writing articles to data.json...
2024-09-10T10:11:58: Writing articles to data.json...
2024-09-10T10:12:06: Writing articles to data.json...
2024-09-10T10:12:14: Writing articles to data.json...
2024-09-10T10:12:21: Writing articles to data.json...
2024-09-10T10:12:27: Writing articles to data.json...
2024-09-10T10:12:35: Writing articles to data.json...
2024-09-10T10:12:51: Starting scraping session at Tue Sep 10 10:12:51 2024...
2024-09-10T10:12:53: The number of links: 0
2024-09-10T10:12:55: The number of links: 123
2024-09-10T10:13:04: Writing articles to data.json...
2024-09-10T10:13:12: Writing articles to data.json...
2024-09-10T10:13:21: Writing articles to data.json...
2024-09-10T10:13:28: Writing articles to data.json...
2024-09-10T10:13:37: Writing articles to data.json...
2024-09-10T10:13:44: Writing articles to data.json...
2024-09-10T10:13:51: Writing articles to data.json...
2024-09-10T10:13:59: Writing articles to data.json...
2024-09-10T10:17:01: Starting scraping session at Tue Sep 10 10:17:01 2024...
2024-09-10T10:17:04: The number of links: 0
2024-09-10T10:17:07: The number of links: 123
2024-09-10T10:17:15: Writing articles to data.json...
2024-09-10T10:17:24: Writing articles to data.json...
2024-09-10T10:17:31: Writing articles to data.json...
2024-10-14T19:39:15: Starting scraping session at Mon Oct 14 19:39:15 2024...
2024-10-14T19:39:16: The number of links: 0
2024-10-14T19:39:18: The number of links: 236
2024-10-14T19:39:27: Writing articles to data.json...
2024-10-14T19:39:37: Writing articles to data.json...
2024-10-14T19:39:47: Writing articles to data.json...
2024-10-14T19:45:32: Starting scraping session at Mon Oct 14 19:45:32 2024...
2024-10-14T19:45:43: The number of links: 0
2024-10-14T19:45:57: The number of links: 236
2024-10-14T19:46:07: Error processing https://techcrunch.com/my-account/: Article `download()` failed with HTTPSConnectionPool(host='techcrunch.com', port=443): Read timed out. (read timeout=7) on URL https://techcrunch.com/my-account/
2024-10-14T19:46:07: Writing articles to data.json...
